# JRE version: Java(TM) SE Runtime Environment (8.0_92-b14) (build 1.8.0_92-b14)
# Java VM: Java HotSpot(TM) 64-Bit Server VM (25.92-b14 mixed mode windows-amd64 compressed oops)
Heap:
 PSYoungGen      total 35840K, used 16290K [0x00000000f6100000, 0x00000000faa00000, 0x0000000100000000)
  eden space 31744K, 38% used [0x00000000f6100000,0x00000000f6ceb3a8,0x00000000f8000000)
  from space 4096K, 99% used [0x00000000f8000000,0x00000000f83fd640,0x00000000f8400000)
  to   space 5632K, 0% used [0x00000000fa480000,0x00000000fa480000,0x00000000faa00000)
 ParOldGen       total 20480K, used 7460K [0x00000000e2200000, 0x00000000e3600000, 0x00000000f6100000)
  object space 20480K, 36% used [0x00000000e2200000,0x00000000e29491c0,0x00000000e3600000)
 Metaspace       used 14509K, capacity 14690K, committed 14976K, reserved 1062912K
  class space    used 1778K, capacity 1875K, committed 1920K, reserved 1048576K
GC Heap History (10 events):
Event: 2.687 GC heap before
{Heap before GC invocations=3 (full 0):
 PSYoungGen      total 9216K, used 9216K [0x00000000f6100000, 0x00000000f6b00000, 0x0000000100000000)
  eden space 8192K, 100% used [0x00000000f6100000,0x00000000f6900000,0x00000000f6900000)
  from space 1024K, 100% used [0x00000000f6a00000,0x00000000f6b00000,0x00000000f6b00000)
  to   space 1024K, 0% used [0x00000000f6900000,0x00000000f6900000,0x00000000f6a00000)
 ParOldGen       total 20480K, used 1710K [0x00000000e2200000, 0x00000000e3600000, 0x00000000f6100000)
  object space 20480K, 8% used [0x00000000e2200000,0x00000000e23abb98,0x00000000e3600000)
 Metaspace       used 7442K, capacity 7612K, committed 7680K, reserved 1056768K
  class space    used 907K, capacity 984K, committed 1024K, reserved 1048576K
Event: 2.701 GC heap after
Heap after GC invocations=3 (full 0):
 PSYoungGen      total 9216K, used 1024K [0x00000000f6100000, 0x00000000f7300000, 0x0000000100000000)
  eden space 8192K, 0% used [0x00000000f6100000,0x00000000f6100000,0x00000000f6900000)
  from space 1024K, 100% used [0x00000000f6900000,0x00000000f6a00000,0x00000000f6a00000)
  to   space 1024K, 0% used [0x00000000f7200000,0x00000000f7200000,0x00000000f7300000)
 ParOldGen       total 20480K, used 2759K [0x00000000e2200000, 0x00000000e3600000, 0x00000000f6100000)
  object space 20480K, 13% used [0x00000000e2200000,0x00000000e24b1f68,0x00000000e3600000)
 Metaspace       used 7442K, capacity 7612K, committed 7680K, reserved 1056768K
  class space    used 907K, capacity 984K, committed 1024K, reserved 1048576K
}
Event: 3.021 GC heap before
{Heap before GC invocations=4 (full 0):
 PSYoungGen      total 9216K, used 9216K [0x00000000f6100000, 0x00000000f7300000, 0x0000000100000000)
  eden space 8192K, 100% used [0x00000000f6100000,0x00000000f6900000,0x00000000f6900000)
  from space 1024K, 100% used [0x00000000f6900000,0x00000000f6a00000,0x00000000f6a00000)
  to   space 1024K, 0% used [0x00000000f7200000,0x00000000f7200000,0x00000000f7300000)
 ParOldGen       total 20480K, used 2759K [0x00000000e2200000, 0x00000000e3600000, 0x00000000f6100000)
  object space 20480K, 13% used [0x00000000e2200000,0x00000000e24b1f68,0x00000000e3600000)
 Metaspace       used 7679K, capacity 7836K, committed 7936K, reserved 1056768K
  class space    used 955K, capacity 1016K, committed 1024K, reserved 1048576K
Event: 3.033 GC heap after
Heap after GC invocations=4 (full 0):
 PSYoungGen      total 17408K, used 1008K [0x00000000f6100000, 0x00000000f7300000, 0x0000000100000000)
  eden space 16384K, 0% used [0x00000000f6100000,0x00000000f6100000,0x00000000f7100000)
  from space 1024K, 98% used [0x00000000f7200000,0x00000000f72fc010,0x00000000f7300000)
  to   space 1024K, 0% used [0x00000000f7100000,0x00000000f7100000,0x00000000f7200000)
 ParOldGen       total 20480K, used 3252K [0x00000000e2200000, 0x00000000e3600000, 0x00000000f6100000)
  object space 20480K, 15% used [0x00000000e2200000,0x00000000e252d028,0x00000000e3600000)
 Metaspace       used 7679K, capacity 7836K, committed 7936K, reserved 1056768K
  class space    used 955K, capacity 1016K, committed 1024K, reserved 1048576K
}
Event: 3.968 GC heap before
{Heap before GC invocations=5 (full 0):
 PSYoungGen      total 17408K, used 17392K [0x00000000f6100000, 0x00000000f7300000, 0x0000000100000000)
  eden space 16384K, 100% used [0x00000000f6100000,0x00000000f7100000,0x00000000f7100000)
  from space 1024K, 98% used [0x00000000f7200000,0x00000000f72fc010,0x00000000f7300000)
  to   space 1024K, 0% used [0x00000000f7100000,0x00000000f7100000,0x00000000f7200000)
 ParOldGen       total 20480K, used 3252K [0x00000000e2200000, 0x00000000e3600000, 0x00000000f6100000)
  object space 20480K, 15% used [0x00000000e2200000,0x00000000e252d028,0x00000000e3600000)
 Metaspace       used 8950K, capacity 9134K, committed 9344K, reserved 1056768K
  class space    used 1099K, capacity 1148K, committed 1152K, reserved 1048576K
Event: 3.987 GC heap after
Heap after GC invocations=5 (full 0):
 PSYoungGen      total 17408K, used 1008K [0x00000000f6100000, 0x00000000f8700000, 0x0000000100000000)
  eden space 16384K, 0% used [0x00000000f6100000,0x00000000f6100000,0x00000000f7100000)
  from space 1024K, 98% used [0x00000000f7100000,0x00000000f71fc010,0x00000000f7200000)
  to   space 3072K, 0% used [0x00000000f8400000,0x00000000f8400000,0x00000000f8700000)
 ParOldGen       total 20480K, used 5259K [0x00000000e2200000, 0x00000000e3600000, 0x00000000f6100000)
  object space 20480K, 25% used [0x00000000e2200000,0x00000000e2722ca8,0x00000000e3600000)
 Metaspace       used 8950K, capacity 9134K, committed 9344K, reserved 1056768K
  class space    used 1099K, capacity 1148K, committed 1152K, reserved 1048576K
}
Event: 4.917 GC heap before
{Heap before GC invocations=6 (full 0):
 PSYoungGen      total 17408K, used 17392K [0x00000000f6100000, 0x00000000f8700000, 0x0000000100000000)
  eden space 16384K, 100% used [0x00000000f6100000,0x00000000f7100000,0x00000000f7100000)
  from space 1024K, 98% used [0x00000000f7100000,0x00000000f71fc010,0x00000000f7200000)
  to   space 3072K, 0% used [0x00000000f8400000,0x00000000f8400000,0x00000000f8700000)
 ParOldGen       total 20480K, used 5259K [0x00000000e2200000, 0x00000000e3600000, 0x00000000f6100000)
  object space 20480K, 25% used [0x00000000e2200000,0x00000000e2722ca8,0x00000000e3600000)
 Metaspace       used 10871K, capacity 11038K, committed 11264K, reserved 1058816K
  class space    used 1354K, capacity 1443K, committed 1536K, reserved 1048576K
Event: 4.931 GC heap after
Heap after GC invocations=6 (full 0):
 PSYoungGen      total 34816K, used 3048K [0x00000000f6100000, 0x00000000f8900000, 0x0000000100000000)
  eden space 31744K, 0% used [0x00000000f6100000,0x00000000f6100000,0x00000000f8000000)
  from space 3072K, 99% used [0x00000000f8400000,0x00000000f86fa058,0x00000000f8700000)
  to   space 4096K, 0% used [0x00000000f8000000,0x00000000f8000000,0x00000000f8400000)
 ParOldGen       total 20480K, used 5810K [0x00000000e2200000, 0x00000000e3600000, 0x00000000f6100000)
  object space 20480K, 28% used [0x00000000e2200000,0x00000000e27ac8a0,0x00000000e3600000)
 Metaspace       used 10871K, capacity 11038K, committed 11264K, reserved 1058816K
  class space    used 1354K, capacity 1443K, committed 1536K, reserved 1048576K
}
Event: 8.539 GC heap before
{Heap before GC invocations=7 (full 0):
 PSYoungGen      total 34816K, used 34792K [0x00000000f6100000, 0x00000000f8900000, 0x0000000100000000)
  eden space 31744K, 100% used [0x00000000f6100000,0x00000000f8000000,0x00000000f8000000)
  from space 3072K, 99% used [0x00000000f8400000,0x00000000f86fa058,0x00000000f8700000)
  to   space 4096K, 0% used [0x00000000f8000000,0x00000000f8000000,0x00000000f8400000)
 ParOldGen       total 20480K, used 5810K [0x00000000e2200000, 0x00000000e3600000, 0x00000000f6100000)
  object space 20480K, 28% used [0x00000000e2200000,0x00000000e27ac8a0,0x00000000e3600000)
 Metaspace       used 14292K, capacity 14562K, committed 14720K, reserved 1062912K
  class space    used 1766K, capacity 1875K, committed 1920K, reserved 1048576K
Event: 8.582 GC heap after
Heap after GC invocations=7 (full 0):
 PSYoungGen      total 35840K, used 4085K [0x00000000f6100000, 0x00000000faa00000, 0x0000000100000000)
  eden space 31744K, 0% used [0x00000000f6100000,0x00000000f6100000,0x00000000f8000000)
  from space 4096K, 99% used [0x00000000f8000000,0x00000000f83fd640,0x00000000f8400000)
  to   space 5632K, 0% used [0x00000000fa480000,0x00000000fa480000,0x00000000faa00000)
 ParOldGen       total 20480K, used 7460K [0x00000000e2200000, 0x00000000e3600000, 0x00000000f6100000)
  object space 20480K, 36% used [0x00000000e2200000,0x00000000e29491c0,0x00000000e3600000)
 Metaspace       used 14292K, capacity 14562K, committed 14720K, reserved 1062912K
  class space    used 1766K, capacity 1875K, committed 1920K, reserved 1048576K
}

