# JRE version: Java(TM) SE Runtime Environment (8.0_92-b14) (build 1.8.0_92-b14)
# Java VM: Java HotSpot(TM) 64-Bit Server VM (25.92-b14 mixed mode windows-amd64 compressed oops)
Heap:
 PSYoungGen      total 69120K, used 18657K [0x00000000f6100000, 0x00000000fad00000, 0x0000000100000000)
  eden space 61952K, 30% used [0x00000000f6100000,0x00000000f73384f0,0x00000000f9d80000)
  from space 7168K, 0% used [0x00000000f9d80000,0x00000000f9d80000,0x00000000fa480000)
  to   space 5632K, 0% used [0x00000000fa480000,0x00000000fa480000,0x00000000faa00000)
 ParOldGen       total 25600K, used 10818K [0x00000000e2200000, 0x00000000e3b00000, 0x00000000f6100000)
  object space 25600K, 42% used [0x00000000e2200000,0x00000000e2c90958,0x00000000e3b00000)
 Metaspace       used 21170K, capacity 21648K, committed 21760K, reserved 1069056K
  class space    used 2581K, capacity 2748K, committed 2816K, reserved 1048576K
GC Heap History (10 events):
Event: 7.334 GC heap before
{Heap before GC invocations=6 (full 0):
 PSYoungGen      total 17408K, used 17408K [0x00000000f6100000, 0x00000000f8700000, 0x0000000100000000)
  eden space 16384K, 100% used [0x00000000f6100000,0x00000000f7100000,0x00000000f7100000)
  from space 1024K, 100% used [0x00000000f7100000,0x00000000f7200000,0x00000000f7200000)
  to   space 3072K, 0% used [0x00000000f8400000,0x00000000f8400000,0x00000000f8700000)
 ParOldGen       total 20480K, used 5184K [0x00000000e2200000, 0x00000000e3600000, 0x00000000f6100000)
  object space 20480K, 25% used [0x00000000e2200000,0x00000000e2710330,0x00000000e3600000)
 Metaspace       used 10858K, capacity 11038K, committed 11264K, reserved 1058816K
  class space    used 1356K, capacity 1443K, committed 1536K, reserved 1048576K
Event: 7.354 GC heap after
Heap after GC invocations=6 (full 0):
 PSYoungGen      total 34816K, used 3043K [0x00000000f6100000, 0x00000000f8900000, 0x0000000100000000)
  eden space 31744K, 0% used [0x00000000f6100000,0x00000000f6100000,0x00000000f8000000)
  from space 3072K, 99% used [0x00000000f8400000,0x00000000f86f8f08,0x00000000f8700000)
  to   space 4096K, 0% used [0x00000000f8000000,0x00000000f8000000,0x00000000f8400000)
 ParOldGen       total 20480K, used 5641K [0x00000000e2200000, 0x00000000e3600000, 0x00000000f6100000)
  object space 20480K, 27% used [0x00000000e2200000,0x00000000e2782778,0x00000000e3600000)
 Metaspace       used 10858K, capacity 11038K, committed 11264K, reserved 1058816K
  class space    used 1356K, capacity 1443K, committed 1536K, reserved 1048576K
}
Event: 10.672 GC heap before
{Heap before GC invocations=7 (full 0):
 PSYoungGen      total 34816K, used 34787K [0x00000000f6100000, 0x00000000f8900000, 0x0000000100000000)
  eden space 31744K, 100% used [0x00000000f6100000,0x00000000f8000000,0x00000000f8000000)
  from space 3072K, 99% used [0x00000000f8400000,0x00000000f86f8f08,0x00000000f8700000)
  to   space 4096K, 0% used [0x00000000f8000000,0x00000000f8000000,0x00000000f8400000)
 ParOldGen       total 20480K, used 5641K [0x00000000e2200000, 0x00000000e3600000, 0x00000000f6100000)
  object space 20480K, 27% used [0x00000000e2200000,0x00000000e2782778,0x00000000e3600000)
 Metaspace       used 14291K, capacity 14562K, committed 14720K, reserved 1062912K
  class space    used 1769K, capacity 1875K, committed 1920K, reserved 1048576K
Event: 10.713 GC heap after
Heap after GC invocations=7 (full 0):
 PSYoungGen      total 35840K, used 4088K [0x00000000f6100000, 0x00000000faa00000, 0x0000000100000000)
  eden space 31744K, 0% used [0x00000000f6100000,0x00000000f6100000,0x00000000f8000000)
  from space 4096K, 99% used [0x00000000f8000000,0x00000000f83fe1c8,0x00000000f8400000)
  to   space 5632K, 0% used [0x00000000fa480000,0x00000000fa480000,0x00000000faa00000)
 ParOldGen       total 20480K, used 7281K [0x00000000e2200000, 0x00000000e3600000, 0x00000000f6100000)
  object space 20480K, 35% used [0x00000000e2200000,0x00000000e291c738,0x00000000e3600000)
 Metaspace       used 14291K, capacity 14562K, committed 14720K, reserved 1062912K
  class space    used 1769K, capacity 1875K, committed 1920K, reserved 1048576K
}
Event: 13.940 GC heap before
{Heap before GC invocations=8 (full 0):
 PSYoungGen      total 35840K, used 35832K [0x00000000f6100000, 0x00000000faa00000, 0x0000000100000000)
  eden space 31744K, 100% used [0x00000000f6100000,0x00000000f8000000,0x00000000f8000000)
  from space 4096K, 99% used [0x00000000f8000000,0x00000000f83fe1c8,0x00000000f8400000)
  to   space 5632K, 0% used [0x00000000fa480000,0x00000000fa480000,0x00000000faa00000)
 ParOldGen       total 20480K, used 7281K [0x00000000e2200000, 0x00000000e3600000, 0x00000000f6100000)
  object space 20480K, 35% used [0x00000000e2200000,0x00000000e291c738,0x00000000e3600000)
 Metaspace       used 16009K, capacity 16270K, committed 16512K, reserved 1062912K
  class space    used 1969K, capacity 2083K, committed 2176K, reserved 1048576K
Event: 13.967 GC heap after
Heap after GC invocations=8 (full 0):
 PSYoungGen      total 67584K, used 5609K [0x00000000f6100000, 0x00000000fad00000, 0x0000000100000000)
  eden space 61952K, 0% used [0x00000000f6100000,0x00000000f6100000,0x00000000f9d80000)
  from space 5632K, 99% used [0x00000000fa480000,0x00000000fa9fa6c8,0x00000000faa00000)
  to   space 7168K, 0% used [0x00000000f9d80000,0x00000000f9d80000,0x00000000fa480000)
 ParOldGen       total 20480K, used 8556K [0x00000000e2200000, 0x00000000e3600000, 0x00000000f6100000)
  object space 20480K, 41% used [0x00000000e2200000,0x00000000e2a5b1e8,0x00000000e3600000)
 Metaspace       used 16009K, capacity 16270K, committed 16512K, reserved 1062912K
  class space    used 1969K, capacity 2083K, committed 2176K, reserved 1048576K
}
Event: 20.611 GC heap before
{Heap before GC invocations=9 (full 0):
 PSYoungGen      total 67584K, used 65946K [0x00000000f6100000, 0x00000000fad00000, 0x0000000100000000)
  eden space 61952K, 97% used [0x00000000f6100000,0x00000000f9bec168,0x00000000f9d80000)
  from space 5632K, 99% used [0x00000000fa480000,0x00000000fa9fa6c8,0x00000000faa00000)
  to   space 7168K, 0% used [0x00000000f9d80000,0x00000000f9d80000,0x00000000fa480000)
 ParOldGen       total 20480K, used 8556K [0x00000000e2200000, 0x00000000e3600000, 0x00000000f6100000)
  object space 20480K, 41% used [0x00000000e2200000,0x00000000e2a5b1e8,0x00000000e3600000)
 Metaspace       used 20688K, capacity 21098K, committed 21248K, reserved 1067008K
  class space    used 2538K, capacity 2715K, committed 2816K, reserved 1048576K
Event: 20.675 GC heap after
Heap after GC invocations=9 (full 0):
 PSYoungGen      total 69120K, used 7152K [0x00000000f6100000, 0x00000000fad00000, 0x0000000100000000)
  eden space 61952K, 0% used [0x00000000f6100000,0x00000000f6100000,0x00000000f9d80000)
  from space 7168K, 99% used [0x00000000f9d80000,0x00000000fa47c030,0x00000000fa480000)
  to   space 5632K, 0% used [0x00000000fa480000,0x00000000fa480000,0x00000000faa00000)
 ParOldGen       total 20480K, used 10613K [0x00000000e2200000, 0x00000000e3600000, 0x00000000f6100000)
  object space 20480K, 51% used [0x00000000e2200000,0x00000000e2c5d4b8,0x00000000e3600000)
 Metaspace       used 20688K, capacity 21098K, committed 21248K, reserved 1067008K
  class space    used 2538K, capacity 2715K, committed 2816K, reserved 1048576K
}
Event: 20.675 GC heap before
{Heap before GC invocations=10 (full 1):
 PSYoungGen      total 69120K, used 7152K [0x00000000f6100000, 0x00000000fad00000, 0x0000000100000000)
  eden space 61952K, 0% used [0x00000000f6100000,0x00000000f6100000,0x00000000f9d80000)
  from space 7168K, 99% used [0x00000000f9d80000,0x00000000fa47c030,0x00000000fa480000)
  to   space 5632K, 0% used [0x00000000fa480000,0x00000000fa480000,0x00000000faa00000)
 ParOldGen       total 20480K, used 10613K [0x00000000e2200000, 0x00000000e3600000, 0x00000000f6100000)
  object space 20480K, 51% used [0x00000000e2200000,0x00000000e2c5d4b8,0x00000000e3600000)
 Metaspace       used 20688K, capacity 21098K, committed 21248K, reserved 1067008K
  class space    used 2538K, capacity 2715K, committed 2816K, reserved 1048576K
Event: 20.999 GC heap after
Heap after GC invocations=10 (full 1):
 PSYoungGen      total 69120K, used 0K [0x00000000f6100000, 0x00000000fad00000, 0x0000000100000000)
  eden space 61952K, 0% used [0x00000000f6100000,0x00000000f6100000,0x00000000f9d80000)
  from space 7168K, 0% used [0x00000000f9d80000,0x00000000f9d80000,0x00000000fa480000)
  to   space 5632K, 0% used [0x00000000fa480000,0x00000000fa480000,0x00000000faa00000)
 ParOldGen       total 25600K, used 10818K [0x00000000e2200000, 0x00000000e3b00000, 0x00000000f6100000)
  object space 25600K, 42% used [0x00000000e2200000,0x00000000e2c90958,0x00000000e3b00000)
 Metaspace       used 20688K, capacity 21098K, committed 21248K, reserved 1067008K
  class space    used 2538K, capacity 2715K, committed 2816K, reserved 1048576K
}

