# JRE version: Java(TM) SE Runtime Environment (8.0_92-b14) (build 1.8.0_92-b14)
# Java VM: Java HotSpot(TM) 64-Bit Server VM (25.92-b14 mixed mode windows-amd64 compressed oops)
Heap:
 PSYoungGen      total 36352K, used 18059K [0x00000000f6100000, 0x00000000f9d80000, 0x0000000100000000)
  eden space 32256K, 43% used [0x00000000f6100000,0x00000000f6ea5058,0x00000000f8080000)
  from space 4096K, 99% used [0x00000000f8080000,0x00000000f847dcb0,0x00000000f8480000)
  to   space 5120K, 0% used [0x00000000f9880000,0x00000000f9880000,0x00000000f9d80000)
 ParOldGen       total 20480K, used 7254K [0x00000000e2200000, 0x00000000e3600000, 0x00000000f6100000)
  object space 20480K, 35% used [0x00000000e2200000,0x00000000e2915ac8,0x00000000e3600000)
 Metaspace       used 16000K, capacity 16270K, committed 16512K, reserved 1062912K
  class space    used 1969K, capacity 2083K, committed 2176K, reserved 1048576K
GC Heap History (10 events):
Event: 9.781 GC heap before
{Heap before GC invocations=5 (full 0):
 PSYoungGen      total 9216K, used 9200K [0x00000000f6100000, 0x00000000f7300000, 0x0000000100000000)
  eden space 8192K, 100% used [0x00000000f6100000,0x00000000f6900000,0x00000000f6900000)
  from space 1024K, 98% used [0x00000000f6a00000,0x00000000f6afc010,0x00000000f6b00000)
  to   space 1024K, 0% used [0x00000000f6900000,0x00000000f6900000,0x00000000f6a00000)
 ParOldGen       total 20480K, used 3292K [0x00000000e2200000, 0x00000000e3600000, 0x00000000f6100000)
  object space 20480K, 16% used [0x00000000e2200000,0x00000000e25370b0,0x00000000e3600000)
 Metaspace       used 8175K, capacity 8348K, committed 8576K, reserved 1056768K
  class space    used 1017K, capacity 1080K, committed 1152K, reserved 1048576K
Event: 9.805 GC heap after
Heap after GC invocations=5 (full 0):
 PSYoungGen      total 9216K, used 1024K [0x00000000f6100000, 0x00000000f7600000, 0x0000000100000000)
  eden space 8192K, 0% used [0x00000000f6100000,0x00000000f6100000,0x00000000f6900000)
  from space 1024K, 100% used [0x00000000f6900000,0x00000000f6a00000,0x00000000f6a00000)
  to   space 2560K, 0% used [0x00000000f7380000,0x00000000f7380000,0x00000000f7600000)
 ParOldGen       total 20480K, used 4126K [0x00000000e2200000, 0x00000000e3600000, 0x00000000f6100000)
  object space 20480K, 20% used [0x00000000e2200000,0x00000000e2607800,0x00000000e3600000)
 Metaspace       used 8175K, capacity 8348K, committed 8576K, reserved 1056768K
  class space    used 1017K, capacity 1080K, committed 1152K, reserved 1048576K
}
Event: 10.690 GC heap before
{Heap before GC invocations=6 (full 0):
 PSYoungGen      total 9216K, used 9216K [0x00000000f6100000, 0x00000000f7600000, 0x0000000100000000)
  eden space 8192K, 100% used [0x00000000f6100000,0x00000000f6900000,0x00000000f6900000)
  from space 1024K, 100% used [0x00000000f6900000,0x00000000f6a00000,0x00000000f6a00000)
  to   space 2560K, 0% used [0x00000000f7380000,0x00000000f7380000,0x00000000f7600000)
 ParOldGen       total 20480K, used 4126K [0x00000000e2200000, 0x00000000e3600000, 0x00000000f6100000)
  object space 20480K, 20% used [0x00000000e2200000,0x00000000e2607800,0x00000000e3600000)
 Metaspace       used 8981K, capacity 9166K, committed 9472K, reserved 1056768K
  class space    used 1106K, capacity 1180K, committed 1280K, reserved 1048576K
Event: 10.702 GC heap after
Heap after GC invocations=6 (full 0):
 PSYoungGen      total 18944K, used 2276K [0x00000000f6100000, 0x00000000f7600000, 0x0000000100000000)
  eden space 16384K, 0% used [0x00000000f6100000,0x00000000f6100000,0x00000000f7100000)
  from space 2560K, 88% used [0x00000000f7380000,0x00000000f75b9398,0x00000000f7600000)
  to   space 2560K, 0% used [0x00000000f7100000,0x00000000f7100000,0x00000000f7380000)
 ParOldGen       total 20480K, used 4134K [0x00000000e2200000, 0x00000000e3600000, 0x00000000f6100000)
  object space 20480K, 20% used [0x00000000e2200000,0x00000000e2609800,0x00000000e3600000)
 Metaspace       used 8981K, capacity 9166K, committed 9472K, reserved 1056768K
  class space    used 1106K, capacity 1180K, committed 1280K, reserved 1048576K
}
Event: 11.632 GC heap before
{Heap before GC invocations=7 (full 0):
 PSYoungGen      total 18944K, used 18660K [0x00000000f6100000, 0x00000000f7600000, 0x0000000100000000)
  eden space 16384K, 100% used [0x00000000f6100000,0x00000000f7100000,0x00000000f7100000)
  from space 2560K, 88% used [0x00000000f7380000,0x00000000f75b9398,0x00000000f7600000)
  to   space 2560K, 0% used [0x00000000f7100000,0x00000000f7100000,0x00000000f7380000)
 ParOldGen       total 20480K, used 4134K [0x00000000e2200000, 0x00000000e3600000, 0x00000000f6100000)
  object space 20480K, 20% used [0x00000000e2200000,0x00000000e2609800,0x00000000e3600000)
 Metaspace       used 10890K, capacity 11038K, committed 11264K, reserved 1058816K
  class space    used 1361K, capacity 1443K, committed 1536K, reserved 1048576K
Event: 11.646 GC heap after
Heap after GC invocations=7 (full 0):
 PSYoungGen      total 18944K, used 2556K [0x00000000f6100000, 0x00000000f8800000, 0x0000000100000000)
  eden space 16384K, 0% used [0x00000000f6100000,0x00000000f6100000,0x00000000f7100000)
  from space 2560K, 99% used [0x00000000f7100000,0x00000000f737f120,0x00000000f7380000)
  to   space 3584K, 0% used [0x00000000f8480000,0x00000000f8480000,0x00000000f8800000)
 ParOldGen       total 20480K, used 5375K [0x00000000e2200000, 0x00000000e3600000, 0x00000000f6100000)
  object space 20480K, 26% used [0x00000000e2200000,0x00000000e273fcf0,0x00000000e3600000)
 Metaspace       used 10890K, capacity 11038K, committed 11264K, reserved 1058816K
  class space    used 1361K, capacity 1443K, committed 1536K, reserved 1048576K
}
Event: 13.150 GC heap before
{Heap before GC invocations=8 (full 0):
 PSYoungGen      total 18944K, used 18940K [0x00000000f6100000, 0x00000000f8800000, 0x0000000100000000)
  eden space 16384K, 100% used [0x00000000f6100000,0x00000000f7100000,0x00000000f7100000)
  from space 2560K, 99% used [0x00000000f7100000,0x00000000f737f120,0x00000000f7380000)
  to   space 3584K, 0% used [0x00000000f8480000,0x00000000f8480000,0x00000000f8800000)
 ParOldGen       total 20480K, used 5375K [0x00000000e2200000, 0x00000000e3600000, 0x00000000f6100000)
  object space 20480K, 26% used [0x00000000e2200000,0x00000000e273fcf0,0x00000000e3600000)
 Metaspace       used 12856K, capacity 13034K, committed 13312K, reserved 1060864K
  class space    used 1617K, capacity 1711K, committed 1792K, reserved 1048576K
Event: 13.167 GC heap after
Heap after GC invocations=8 (full 0):
 PSYoungGen      total 35840K, used 3401K [0x00000000f6100000, 0x00000000f8900000, 0x0000000100000000)
  eden space 32256K, 0% used [0x00000000f6100000,0x00000000f6100000,0x00000000f8080000)
  from space 3584K, 94% used [0x00000000f8480000,0x00000000f87d2658,0x00000000f8800000)
  to   space 4096K, 0% used [0x00000000f8080000,0x00000000f8080000,0x00000000f8480000)
 ParOldGen       total 20480K, used 5607K [0x00000000e2200000, 0x00000000e3600000, 0x00000000f6100000)
  object space 20480K, 27% used [0x00000000e2200000,0x00000000e2779d00,0x00000000e3600000)
 Metaspace       used 12856K, capacity 13034K, committed 13312K, reserved 1060864K
  class space    used 1617K, capacity 1711K, committed 1792K, reserved 1048576K
}
Event: 19.077 GC heap before
{Heap before GC invocations=9 (full 0):
 PSYoungGen      total 35840K, used 35657K [0x00000000f6100000, 0x00000000f8900000, 0x0000000100000000)
  eden space 32256K, 100% used [0x00000000f6100000,0x00000000f8080000,0x00000000f8080000)
  from space 3584K, 94% used [0x00000000f8480000,0x00000000f87d2658,0x00000000f8800000)
  to   space 4096K, 0% used [0x00000000f8080000,0x00000000f8080000,0x00000000f8480000)
 ParOldGen       total 20480K, used 5607K [0x00000000e2200000, 0x00000000e3600000, 0x00000000f6100000)
  object space 20480K, 27% used [0x00000000e2200000,0x00000000e2779d00,0x00000000e3600000)
 Metaspace       used 14968K, capacity 15286K, committed 15616K, reserved 1062912K
  class space    used 1820K, capacity 1947K, committed 2048K, reserved 1048576K
Event: 19.099 GC heap after
Heap after GC invocations=9 (full 0):
 PSYoungGen      total 36352K, used 4087K [0x00000000f6100000, 0x00000000f9d80000, 0x0000000100000000)
  eden space 32256K, 0% used [0x00000000f6100000,0x00000000f6100000,0x00000000f8080000)
  from space 4096K, 99% used [0x00000000f8080000,0x00000000f847dcb0,0x00000000f8480000)
  to   space 5120K, 0% used [0x00000000f9880000,0x00000000f9880000,0x00000000f9d80000)
 ParOldGen       total 20480K, used 7254K [0x00000000e2200000, 0x00000000e3600000, 0x00000000f6100000)
  object space 20480K, 35% used [0x00000000e2200000,0x00000000e2915ac8,0x00000000e3600000)
 Metaspace       used 14968K, capacity 15286K, committed 15616K, reserved 1062912K
  class space    used 1820K, capacity 1947K, committed 2048K, reserved 1048576K
}

